SF:lib/data/model/task_model.g.dart
DA:13,0
DA:15,0
DA:16,0
DA:17,0
DA:19,0
DA:20,0
DA:21,0
DA:22,0
DA:26,0
DA:29,0
DA:30,0
DA:31,0
DA:32,0
DA:33,0
DA:34,0
DA:35,0
DA:38,0
DA:39,0
DA:41,0
DA:44,0
DA:45,0
DA:46,0
LF:22
LH:0
end_of_record
SF:lib/data/model/task_model.dart
DA:16,1
DA:19,1
DA:20,1
DA:21,1
DA:22,1
DA:24,0
DA:25,0
DA:26,0
DA:27,0
DA:28,0
LF:10
LH:5
end_of_record
SF:lib/app/core/failure/failure.dart
DA:5,3
DA:7,1
DA:9,3
LF:3
LH:3
end_of_record
SF:lib/ui/home/home_view_model.dart
DA:13,1
DA:16,2
DA:17,1
DA:18,1
DA:19,1
DA:23,2
DA:24,1
DA:25,1
DA:26,1
DA:29,1
DA:33,1
DA:34,2
DA:36,1
DA:37,1
DA:39,1
DA:40,1
DA:41,1
DA:42,2
DA:43,2
DA:44,2
DA:46,0
DA:47,0
DA:48,0
DA:52,1
DA:54,2
DA:57,3
DA:58,1
DA:62,1
DA:64,2
DA:65,2
DA:67,3
LF:31
LH:28
end_of_record
SF:lib/data/remote/auth_service_impl.dart
DA:8,1
DA:10,1
DA:15,1
DA:19,1
DA:20,2
LF:5
LH:5
end_of_record
SF:lib/app/core/client/http_client.dart
DA:9,1
DA:11,1
DA:17,3
DA:19,1
DA:20,3
DA:21,4
DA:23,3
DA:24,1
DA:28,1
DA:35,1
DA:36,2
DA:37,1
DA:39,1
DA:40,3
DA:41,4
DA:43,3
DA:44,1
LF:17
LH:17
end_of_record
SF:lib/ui/auth/auth_view_model.dart
DA:10,1
DA:16,2
DA:17,1
DA:18,1
DA:19,1
DA:23,2
DA:24,1
DA:25,1
DA:26,1
DA:29,1
DA:33,2
DA:36,1
DA:37,1
DA:38,1
DA:41,1
DA:48,1
DA:49,2
DA:52,1
DA:54,1
DA:55,1
DA:56,1
DA:57,2
DA:58,3
DA:60,1
DA:61,1
DA:62,3
LF:26
LH:26
end_of_record
SF:lib/utils/app_validator.dart
DA:2,1
DA:4,2
DA:7,2
DA:10,1
DA:11,1
DA:14,1
LF:6
LH:6
end_of_record
SF:lib/data/remote/task_service_impl.dart
DA:8,1
DA:9,1
DA:11,3
DA:12,1
DA:14,4
LF:5
LH:5
end_of_record
